<?xml version="1.0" encoding="UTF-8"?>
<!-- Generated by org.testng.reporters.JUnitReportReporter -->
<testsuite skipped="0" hostname="LAPTOP-2UATULQH" name="com.mycompany.qa.tests.MyTest" tests="1" failures="0" timestamp="20 Mar 2019 13:10:16 GMT" time="113.719" errors="0">
  <testcase name="oneWayNavigation" time="113.719" classname="com.mycompany.qa.tests.MyTest"/>
</testsuite> <!-- com.mycompany.qa.tests.MyTest -->
