<?xml version="1.0" encoding="UTF-8"?>
<!-- Generated by org.testng.reporters.JUnitReportReporter -->
<testsuite skipped="0" hostname="LAPTOP-2UATULQH" name="com.mycompany.qa.tests.NavigateHomeTest" tests="1" failures="0" timestamp="13 Apr 2019 00:12:00 GMT" time="51.694" errors="0">
  <testcase name="navigateHome" time="51.694" classname="com.mycompany.qa.tests.NavigateHomeTest"/>
</testsuite> <!-- com.mycompany.qa.tests.NavigateHomeTest -->
